2024-08-15 10:10:04 [restartedMain] INFO  c.app.service.MpsServiceApplication - Starting MpsServiceApplication using Java 1.8.0_251 on mshahatih with PID 29492 (D:\MyWork\Amana\NEW-SVN\APIs\trunk\MpsApis\target\classes started by mshehata in D:\MyWork\Amana\NEW-SVN\APIs\trunk\MpsApis)
2024-08-15 10:10:04 [restartedMain] INFO  c.app.service.MpsServiceApplication - No active profile set, falling back to 1 default profile: "default"
2024-08-15 10:10:04 [restartedMain] INFO  o.s.b.d.restart.ChangeableUrls - The Class-Path manifest attribute in C:\Users\mshehata\.m2\repository\com\oracle\database\jdbc\ojdbc8\19.3.0.0\ojdbc8-19.3.0.0.jar referenced one or more files that do not exist: file:/C:/Users/mshehata/.m2/repository/com/oracle/database/jdbc/ojdbc8/19.3.0.0/oraclepki.jar
2024-08-15 10:10:04 [restartedMain] INFO  o.s.b.d.restart.ChangeableUrls - The Class-Path manifest attribute in C:\Users\mshehata\.m2\repository\com\oracle\database\security\oraclepki\21.5.0.0\oraclepki-21.5.0.0.jar referenced one or more files that do not exist: file:/C:/Users/mshehata/.m2/repository/com/oracle/database/security/oraclepki/21.5.0.0/osdt_core.jar,file:/C:/Users/mshehata/.m2/repository/com/oracle/database/security/oraclepki/21.5.0.0/osdt_cert.jar,file:/C:/Users/mshehata/.m2/repository/com/oracle/database/security/oraclepki/oracle.osdt/osdt_core.jar,file:/C:/Users/mshehata/.m2/repository/com/oracle/database/security/oraclepki/oracle.osdt/osdt_cert.jar
2024-08-15 10:10:04 [restartedMain] INFO  o.s.b.d.restart.ChangeableUrls - The Class-Path manifest attribute in C:\Users\mshehata\.m2\repository\com\oracle\ojdbc\orai18n\19.3.0.0\orai18n-19.3.0.0.jar referenced one or more files that do not exist: file:/C:/Users/mshehata/.m2/repository/com/oracle/ojdbc/orai18n/19.3.0.0/orai18n-mapping.jar,file:/C:/Users/mshehata/.m2/repository/com/oracle/ojdbc/orai18n/19.3.0.0/orai18n-utility.jar,file:/C:/Users/mshehata/.m2/repository/com/oracle/ojdbc/orai18n/19.3.0.0/orai18n-collation.jar,file:/C:/Users/mshehata/.m2/repository/com/oracle/ojdbc/orai18n/19.3.0.0/orai18n-translation.jar,file:/C:/Users/mshehata/.m2/repository/com/oracle/ojdbc/orai18n/19.3.0.0/orai18n-net.jar,file:/C:/Users/mshehata/.m2/repository/com/oracle/ojdbc/orai18n/19.3.0.0/orai18n-servlet.jar,file:/C:/Users/mshehata/.m2/repository/com/oracle/ojdbc/orai18n/19.3.0.0/orai18n-lcsd.jar,file:/C:/Users/mshehata/.m2/repository/com/oracle/ojdbc/orai18n/19.3.0.0/orai18n-tools.jar,file:/C:/Users/mshehata/.m2/repository/com/oracle/ojdbc/orai18n/19.3.0.0/gdk_custom.jar
2024-08-15 10:10:04 [restartedMain] INFO  o.s.b.d.e.DevToolsPropertyDefaultsPostProcessor - Devtools property defaults active! Set 'spring.devtools.add-properties' to 'false' to disable
2024-08-15 10:10:04 [restartedMain] INFO  o.s.b.d.e.DevToolsPropertyDefaultsPostProcessor - For additional web related logging consider setting the 'logging.level.web' property to 'DEBUG'
2024-08-15 10:10:05 [restartedMain] INFO  o.s.d.r.c.RepositoryConfigurationDelegate - Multiple Spring Data modules found, entering strict repository configuration mode
2024-08-15 10:10:05 [restartedMain] INFO  o.s.d.r.c.RepositoryConfigurationDelegate - Bootstrapping Spring Data JDBC repositories in DEFAULT mode.
2024-08-15 10:10:05 [restartedMain] INFO  o.s.d.r.c.RepositoryConfigurationDelegate - Finished Spring Data repository scanning in 6 ms. Found 0 JDBC repository interfaces.
2024-08-15 10:10:05 [restartedMain] INFO  o.s.d.r.c.RepositoryConfigurationDelegate - Multiple Spring Data modules found, entering strict repository configuration mode
2024-08-15 10:10:05 [restartedMain] INFO  o.s.d.r.c.RepositoryConfigurationDelegate - Bootstrapping Spring Data JPA repositories in DEFAULT mode.
2024-08-15 10:10:05 [restartedMain] INFO  o.s.d.r.c.RepositoryConfigurationDelegate - Finished Spring Data repository scanning in 2 ms. Found 0 JPA repository interfaces.
2024-08-15 10:10:05 [restartedMain] INFO  o.s.b.w.e.tomcat.TomcatWebServer - Tomcat initialized with port(s): 8788 (http)
2024-08-15 10:10:05 [restartedMain] INFO  o.a.catalina.core.StandardService - Starting service [Tomcat]
2024-08-15 10:10:05 [restartedMain] INFO  o.a.catalina.core.StandardEngine - Starting Servlet engine: [Apache Tomcat/9.0.76]
2024-08-15 10:10:06 [restartedMain] INFO  o.a.c.c.C.[Tomcat].[localhost].[/] - Initializing Spring embedded WebApplicationContext
2024-08-15 10:10:06 [restartedMain] INFO  o.s.b.w.s.c.ServletWebServerApplicationContext - Root WebApplicationContext: initialization completed in 1709 ms
2024-08-15 10:10:06 [restartedMain] INFO  o.h.jpa.internal.util.LogHelper - HHH000204: Processing PersistenceUnitInfo [name: default]
2024-08-15 10:10:06 [restartedMain] INFO  org.hibernate.Version - HHH000412: Hibernate ORM core version 5.6.15.Final
2024-08-15 10:10:06 [restartedMain] INFO  o.h.annotations.common.Version - HCANN000001: Hibernate Commons Annotations {5.1.2.Final}
2024-08-15 10:10:06 [restartedMain] INFO  com.zaxxer.hikari.HikariDataSource - HikariPool-1 - Starting...
2024-08-15 10:10:07 [restartedMain] INFO  com.zaxxer.hikari.HikariDataSource - HikariPool-1 - Start completed.
2024-08-15 10:10:07 [restartedMain] INFO  org.hibernate.dialect.Dialect - HHH000400: Using dialect: org.hibernate.dialect.Oracle10gDialect
2024-08-15 10:10:07 [restartedMain] INFO  o.h.e.t.j.p.i.JtaPlatformInitiator - HHH000490: Using JtaPlatform implementation: [org.hibernate.engine.transaction.jta.platform.internal.NoJtaPlatform]
2024-08-15 10:10:07 [restartedMain] INFO  o.s.o.j.LocalContainerEntityManagerFactoryBean - Initialized JPA EntityManagerFactory for persistence unit 'default'
2024-08-15 10:10:07 [restartedMain] WARN  o.s.b.a.o.j.JpaBaseConfiguration$JpaWebConfiguration - spring.jpa.open-in-view is enabled by default. Therefore, database queries may be performed during view rendering. Explicitly configure spring.jpa.open-in-view to disable this warning
2024-08-15 10:10:08 [restartedMain] INFO  o.s.b.d.a.OptionalLiveReloadServer - LiveReload server is running on port 35729
2024-08-15 10:10:08 [restartedMain] INFO  o.s.s.web.DefaultSecurityFilterChain - Will secure any request with [org.springframework.security.web.session.DisableEncodeUrlFilter@3eaccc4, org.springframework.security.web.context.request.async.WebAsyncManagerIntegrationFilter@72c538a5, org.springframework.security.web.context.SecurityContextPersistenceFilter@3af762b4, org.springframework.security.web.header.HeaderWriterFilter@13d03d14, org.springframework.web.filter.CorsFilter@1d0759ba, org.springframework.security.web.authentication.logout.LogoutFilter@43b0fc43, org.springframework.security.web.authentication.www.BasicAuthenticationFilter@1a1fedb1, org.springframework.security.web.savedrequest.RequestCacheAwareFilter@268cc240, org.springframework.security.web.servletapi.SecurityContextHolderAwareRequestFilter@4a5251c8, org.springframework.security.web.authentication.AnonymousAuthenticationFilter@584d3f26, org.springframework.security.web.session.SessionManagementFilter@5bd32cd9, org.springframework.security.web.access.ExceptionTranslationFilter@d221d44, org.springframework.security.web.access.intercept.FilterSecurityInterceptor@59b15355]
2024-08-15 10:10:08 [restartedMain] INFO  o.s.b.w.e.tomcat.TomcatWebServer - Tomcat started on port(s): 8788 (http) with context path ''
2024-08-15 10:10:08 [restartedMain] INFO  c.app.service.MpsServiceApplication - Started MpsServiceApplication in 4.373 seconds (JVM running for 5.492)
2024-08-15 10:10:21 [http-nio-8788-exec-1] INFO  o.a.c.c.C.[Tomcat].[localhost].[/] - Initializing Spring DispatcherServlet 'dispatcherServlet'
2024-08-15 10:10:21 [http-nio-8788-exec-1] INFO  o.s.web.servlet.DispatcherServlet - Initializing Servlet 'dispatcherServlet'
2024-08-15 10:10:21 [http-nio-8788-exec-1] INFO  o.s.web.servlet.DispatcherServlet - Completed initialization in 1 ms
2024-08-15 10:10:57 [File Watcher] INFO  o.s.b.d.a.LocalDevToolsAutoConfiguration$RestartingClassPathChangeChangedEventListener - Restarting due to 1 class path change (0 additions, 0 deletions, 1 modification)
2024-08-15 10:10:57 [Thread-15] INFO  o.a.catalina.core.StandardService - Stopping service [Tomcat]
2024-08-15 10:10:57 [Thread-15] INFO  o.a.c.c.C.[Tomcat].[localhost].[/] - Destroying Spring FrameworkServlet 'dispatcherServlet'
2024-08-15 10:10:57 [Thread-15] WARN  o.a.c.loader.WebappClassLoaderBase - The web application [ROOT] appears to have started a thread named [ForkJoinPool.commonPool-worker-25] but has failed to stop it. This is very likely to create a memory leak. Stack trace of thread:
 sun.misc.Unsafe.park(Native Method)
 java.util.concurrent.ForkJoinPool.awaitWork(Unknown Source)
 java.util.concurrent.ForkJoinPool.runWorker(Unknown Source)
 java.util.concurrent.ForkJoinWorkerThread.run(Unknown Source)
2024-08-15 10:10:57 [Thread-15] WARN  o.a.c.loader.WebappClassLoaderBase - The web application [ROOT] appears to have started a thread named [ForkJoinPool.commonPool-worker-18] but has failed to stop it. This is very likely to create a memory leak. Stack trace of thread:
 sun.misc.Unsafe.park(Native Method)
 java.util.concurrent.ForkJoinPool.awaitWork(Unknown Source)
 java.util.concurrent.ForkJoinPool.runWorker(Unknown Source)
 java.util.concurrent.ForkJoinWorkerThread.run(Unknown Source)
2024-08-15 10:10:57 [Thread-15] WARN  o.a.c.loader.WebappClassLoaderBase - The web application [ROOT] appears to have started a thread named [ForkJoinPool.commonPool-worker-11] but has failed to stop it. This is very likely to create a memory leak. Stack trace of thread:
 sun.misc.Unsafe.park(Native Method)
 java.util.concurrent.ForkJoinPool.awaitWork(Unknown Source)
 java.util.concurrent.ForkJoinPool.runWorker(Unknown Source)
 java.util.concurrent.ForkJoinWorkerThread.run(Unknown Source)
2024-08-15 10:10:57 [Thread-15] WARN  o.a.c.loader.WebappClassLoaderBase - The web application [ROOT] appears to have started a thread named [ForkJoinPool.commonPool-worker-4] but has failed to stop it. This is very likely to create a memory leak. Stack trace of thread:
 sun.misc.Unsafe.park(Native Method)
 java.util.concurrent.ForkJoinPool.awaitWork(Unknown Source)
 java.util.concurrent.ForkJoinPool.runWorker(Unknown Source)
 java.util.concurrent.ForkJoinWorkerThread.run(Unknown Source)
2024-08-15 10:10:57 [Thread-15] WARN  o.a.c.loader.WebappClassLoaderBase - The web application [ROOT] appears to have started a thread named [ForkJoinPool.commonPool-worker-29] but has failed to stop it. This is very likely to create a memory leak. Stack trace of thread:
 sun.misc.Unsafe.park(Native Method)
 java.util.concurrent.ForkJoinPool.awaitWork(Unknown Source)
 java.util.concurrent.ForkJoinPool.runWorker(Unknown Source)
 java.util.concurrent.ForkJoinWorkerThread.run(Unknown Source)
2024-08-15 10:10:57 [Thread-15] WARN  o.a.c.loader.WebappClassLoaderBase - The web application [ROOT] appears to have started a thread named [ForkJoinPool.commonPool-worker-15] but has failed to stop it. This is very likely to create a memory leak. Stack trace of thread:
 sun.misc.Unsafe.park(Native Method)
 java.util.concurrent.ForkJoinPool.awaitWork(Unknown Source)
 java.util.concurrent.ForkJoinPool.runWorker(Unknown Source)
 java.util.concurrent.ForkJoinWorkerThread.run(Unknown Source)
2024-08-15 10:10:57 [Thread-15] INFO  o.s.o.j.LocalContainerEntityManagerFactoryBean - Closing JPA EntityManagerFactory for persistence unit 'default'
2024-08-15 10:10:57 [Thread-15] INFO  com.zaxxer.hikari.HikariDataSource - HikariPool-1 - Shutdown initiated...
2024-08-15 10:10:57 [Thread-15] INFO  com.zaxxer.hikari.HikariDataSource - HikariPool-1 - Shutdown completed.
2024-08-15 10:10:57 [restartedMain] INFO  c.app.service.MpsServiceApplication - Starting MpsServiceApplication using Java 1.8.0_251 on mshahatih with PID 29492 (D:\MyWork\Amana\NEW-SVN\APIs\trunk\MpsApis\target\classes started by mshehata in D:\MyWork\Amana\NEW-SVN\APIs\trunk\MpsApis)
2024-08-15 10:10:57 [restartedMain] INFO  c.app.service.MpsServiceApplication - No active profile set, falling back to 1 default profile: "default"
2024-08-15 10:10:58 [restartedMain] INFO  o.s.d.r.c.RepositoryConfigurationDelegate - Multiple Spring Data modules found, entering strict repository configuration mode
2024-08-15 10:10:58 [restartedMain] INFO  o.s.d.r.c.RepositoryConfigurationDelegate - Bootstrapping Spring Data JDBC repositories in DEFAULT mode.
2024-08-15 10:10:58 [restartedMain] INFO  o.s.d.r.c.RepositoryConfigurationDelegate - Finished Spring Data repository scanning in 4 ms. Found 0 JDBC repository interfaces.
2024-08-15 10:10:58 [restartedMain] INFO  o.s.d.r.c.RepositoryConfigurationDelegate - Multiple Spring Data modules found, entering strict repository configuration mode
2024-08-15 10:10:58 [restartedMain] INFO  o.s.d.r.c.RepositoryConfigurationDelegate - Bootstrapping Spring Data JPA repositories in DEFAULT mode.
2024-08-15 10:10:58 [restartedMain] INFO  o.s.d.r.c.RepositoryConfigurationDelegate - Finished Spring Data repository scanning in 1 ms. Found 0 JPA repository interfaces.
2024-08-15 10:10:58 [restartedMain] INFO  o.s.b.w.e.tomcat.TomcatWebServer - Tomcat initialized with port(s): 8788 (http)
2024-08-15 10:10:58 [restartedMain] INFO  o.a.catalina.core.StandardService - Starting service [Tomcat]
2024-08-15 10:10:58 [restartedMain] INFO  o.a.catalina.core.StandardEngine - Starting Servlet engine: [Apache Tomcat/9.0.76]
2024-08-15 10:10:58 [restartedMain] INFO  o.a.c.c.C.[Tomcat].[localhost].[/] - Initializing Spring embedded WebApplicationContext
2024-08-15 10:10:58 [restartedMain] INFO  o.s.b.w.s.c.ServletWebServerApplicationContext - Root WebApplicationContext: initialization completed in 431 ms
2024-08-15 10:10:58 [restartedMain] INFO  o.h.jpa.internal.util.LogHelper - HHH000204: Processing PersistenceUnitInfo [name: default]
2024-08-15 10:10:58 [restartedMain] INFO  com.zaxxer.hikari.HikariDataSource - HikariPool-2 - Starting...
2024-08-15 10:10:58 [restartedMain] INFO  com.zaxxer.hikari.HikariDataSource - HikariPool-2 - Start completed.
2024-08-15 10:10:58 [restartedMain] INFO  org.hibernate.dialect.Dialect - HHH000400: Using dialect: org.hibernate.dialect.Oracle10gDialect
2024-08-15 10:10:58 [restartedMain] INFO  o.h.e.t.j.p.i.JtaPlatformInitiator - HHH000490: Using JtaPlatform implementation: [org.hibernate.engine.transaction.jta.platform.internal.NoJtaPlatform]
2024-08-15 10:10:58 [restartedMain] INFO  o.s.o.j.LocalContainerEntityManagerFactoryBean - Initialized JPA EntityManagerFactory for persistence unit 'default'
2024-08-15 10:10:58 [restartedMain] WARN  o.s.b.a.o.j.JpaBaseConfiguration$JpaWebConfiguration - spring.jpa.open-in-view is enabled by default. Therefore, database queries may be performed during view rendering. Explicitly configure spring.jpa.open-in-view to disable this warning
2024-08-15 10:10:58 [restartedMain] INFO  o.s.b.d.a.OptionalLiveReloadServer - LiveReload server is running on port 35729
2024-08-15 10:10:58 [restartedMain] INFO  o.s.s.web.DefaultSecurityFilterChain - Will secure any request with [org.springframework.security.web.session.DisableEncodeUrlFilter@6701cb57, org.springframework.security.web.context.request.async.WebAsyncManagerIntegrationFilter@259211d5, org.springframework.security.web.context.SecurityContextPersistenceFilter@43b843ac, org.springframework.security.web.header.HeaderWriterFilter@3941b8c1, org.springframework.web.filter.CorsFilter@2b917d63, org.springframework.security.web.authentication.logout.LogoutFilter@225be44e, org.springframework.security.web.authentication.www.BasicAuthenticationFilter@59186f5f, org.springframework.security.web.savedrequest.RequestCacheAwareFilter@4a23700c, org.springframework.security.web.servletapi.SecurityContextHolderAwareRequestFilter@7e105e39, org.springframework.security.web.authentication.AnonymousAuthenticationFilter@31698dd9, org.springframework.security.web.session.SessionManagementFilter@19188550, org.springframework.security.web.access.ExceptionTranslationFilter@67ddd9fe, org.springframework.security.web.access.intercept.FilterSecurityInterceptor@3d666d61]
2024-08-15 10:10:58 [restartedMain] INFO  o.s.b.w.e.tomcat.TomcatWebServer - Tomcat started on port(s): 8788 (http) with context path ''
2024-08-15 10:10:58 [restartedMain] INFO  c.app.service.MpsServiceApplication - Started MpsServiceApplication in 1.144 seconds (JVM running for 56.017)
2024-08-15 10:10:58 [restartedMain] INFO  o.s.b.d.a.ConditionEvaluationDeltaLoggingListener - Condition evaluation unchanged
2024-08-15 10:11:02 [http-nio-8788-exec-1] INFO  o.a.c.c.C.[Tomcat].[localhost].[/] - Initializing Spring DispatcherServlet 'dispatcherServlet'
2024-08-15 10:11:02 [http-nio-8788-exec-1] INFO  o.s.web.servlet.DispatcherServlet - Initializing Servlet 'dispatcherServlet'
2024-08-15 10:11:02 [http-nio-8788-exec-1] INFO  o.s.web.servlet.DispatcherServlet - Completed initialization in 2 ms
2024-08-15 10:11:27 [File Watcher] INFO  o.s.b.d.a.LocalDevToolsAutoConfiguration$RestartingClassPathChangeChangedEventListener - Restarting due to 23 class path changes (0 additions, 1 deletion, 22 modifications)
2024-08-15 10:11:27 [Thread-20] INFO  o.a.catalina.core.StandardService - Stopping service [Tomcat]
2024-08-15 10:11:27 [Thread-20] INFO  o.a.c.c.C.[Tomcat].[localhost].[/] - Destroying Spring FrameworkServlet 'dispatcherServlet'
2024-08-15 10:11:27 [Thread-20] INFO  o.s.o.j.LocalContainerEntityManagerFactoryBean - Closing JPA EntityManagerFactory for persistence unit 'default'
2024-08-15 10:11:27 [Thread-20] INFO  com.zaxxer.hikari.HikariDataSource - HikariPool-2 - Shutdown initiated...
2024-08-15 10:11:27 [Thread-20] INFO  com.zaxxer.hikari.HikariDataSource - HikariPool-2 - Shutdown completed.
2024-08-15 10:11:27 [restartedMain] INFO  c.app.service.MpsServiceApplication - Starting MpsServiceApplication using Java 1.8.0_251 on mshahatih with PID 29492 (D:\MyWork\Amana\NEW-SVN\APIs\trunk\MpsApis\target\classes started by mshehata in D:\MyWork\Amana\NEW-SVN\APIs\trunk\MpsApis)
2024-08-15 10:11:27 [restartedMain] INFO  c.app.service.MpsServiceApplication - No active profile set, falling back to 1 default profile: "default"
2024-08-15 10:11:28 [restartedMain] INFO  o.s.d.r.c.RepositoryConfigurationDelegate - Multiple Spring Data modules found, entering strict repository configuration mode
2024-08-15 10:11:28 [restartedMain] INFO  o.s.d.r.c.RepositoryConfigurationDelegate - Bootstrapping Spring Data JDBC repositories in DEFAULT mode.
2024-08-15 10:11:28 [restartedMain] INFO  o.s.d.r.c.RepositoryConfigurationDelegate - Finished Spring Data repository scanning in 3 ms. Found 0 JDBC repository interfaces.
2024-08-15 10:11:28 [restartedMain] INFO  o.s.d.r.c.RepositoryConfigurationDelegate - Multiple Spring Data modules found, entering strict repository configuration mode
2024-08-15 10:11:28 [restartedMain] INFO  o.s.d.r.c.RepositoryConfigurationDelegate - Bootstrapping Spring Data JPA repositories in DEFAULT mode.
2024-08-15 10:11:28 [restartedMain] INFO  o.s.d.r.c.RepositoryConfigurationDelegate - Finished Spring Data repository scanning in 1 ms. Found 0 JPA repository interfaces.
2024-08-15 10:11:28 [restartedMain] INFO  o.s.b.w.e.tomcat.TomcatWebServer - Tomcat initialized with port(s): 8788 (http)
2024-08-15 10:11:28 [restartedMain] INFO  o.a.catalina.core.StandardService - Starting service [Tomcat]
2024-08-15 10:11:28 [restartedMain] INFO  o.a.catalina.core.StandardEngine - Starting Servlet engine: [Apache Tomcat/9.0.76]
2024-08-15 10:11:28 [restartedMain] INFO  o.a.c.c.C.[Tomcat].[localhost].[/] - Initializing Spring embedded WebApplicationContext
2024-08-15 10:11:28 [restartedMain] INFO  o.s.b.w.s.c.ServletWebServerApplicationContext - Root WebApplicationContext: initialization completed in 332 ms
2024-08-15 10:11:28 [restartedMain] INFO  o.h.jpa.internal.util.LogHelper - HHH000204: Processing PersistenceUnitInfo [name: default]
2024-08-15 10:11:28 [restartedMain] INFO  com.zaxxer.hikari.HikariDataSource - HikariPool-3 - Starting...
2024-08-15 10:11:28 [restartedMain] INFO  com.zaxxer.hikari.HikariDataSource - HikariPool-3 - Start completed.
2024-08-15 10:11:28 [restartedMain] INFO  org.hibernate.dialect.Dialect - HHH000400: Using dialect: org.hibernate.dialect.Oracle10gDialect
2024-08-15 10:11:28 [restartedMain] INFO  o.h.e.t.j.p.i.JtaPlatformInitiator - HHH000490: Using JtaPlatform implementation: [org.hibernate.engine.transaction.jta.platform.internal.NoJtaPlatform]
2024-08-15 10:11:28 [restartedMain] INFO  o.s.o.j.LocalContainerEntityManagerFactoryBean - Initialized JPA EntityManagerFactory for persistence unit 'default'
2024-08-15 10:11:28 [restartedMain] WARN  o.s.b.w.s.c.AnnotationConfigServletWebServerApplicationContext - Exception encountered during context initialization - cancelling refresh attempt: org.springframework.beans.factory.BeanCreationException: Error creating bean with name 'swaggerConfig' defined in file [D:\MyWork\Amana\NEW-SVN\APIs\trunk\MpsApis\target\classes\com\app\service\config\SwaggerConfig.class]: Instantiation of bean failed; nested exception is org.springframework.beans.BeanInstantiationException: Failed to instantiate [com.app.service.config.SwaggerConfig$$EnhancerBySpringCGLIB$$ca151a20]: Constructor threw exception; nested exception is java.lang.Error: Unresolved compilation problems: 
	The import springfox cannot be resolved
	The import springfox cannot be resolved
	The import springfox cannot be resolved
	The import springfox cannot be resolved
	The import springfox cannot be resolved
	The import springfox cannot be resolved
	The import springfox cannot be resolved
	EnableSwagger2 cannot be resolved to a type

2024-08-15 10:11:28 [restartedMain] INFO  o.s.o.j.LocalContainerEntityManagerFactoryBean - Closing JPA EntityManagerFactory for persistence unit 'default'
2024-08-15 10:11:28 [restartedMain] INFO  com.zaxxer.hikari.HikariDataSource - HikariPool-3 - Shutdown initiated...
2024-08-15 10:11:28 [restartedMain] INFO  com.zaxxer.hikari.HikariDataSource - HikariPool-3 - Shutdown completed.
2024-08-15 10:11:28 [restartedMain] INFO  o.a.catalina.core.StandardService - Stopping service [Tomcat]
2024-08-15 10:11:28 [restartedMain] INFO  o.s.b.a.l.ConditionEvaluationReportLoggingListener - 

Error starting ApplicationContext. To display the conditions report re-run your application with 'debug' enabled.
2024-08-15 10:11:28 [restartedMain] ERROR o.s.boot.SpringApplication - Application run failed
org.springframework.beans.factory.BeanCreationException: Error creating bean with name 'swaggerConfig' defined in file [D:\MyWork\Amana\NEW-SVN\APIs\trunk\MpsApis\target\classes\com\app\service\config\SwaggerConfig.class]: Instantiation of bean failed; nested exception is org.springframework.beans.BeanInstantiationException: Failed to instantiate [com.app.service.config.SwaggerConfig$$EnhancerBySpringCGLIB$$ca151a20]: Constructor threw exception; nested exception is java.lang.Error: Unresolved compilation problems: 
	The import springfox cannot be resolved
	The import springfox cannot be resolved
	The import springfox cannot be resolved
	The import springfox cannot be resolved
	The import springfox cannot be resolved
	The import springfox cannot be resolved
	The import springfox cannot be resolved
	EnableSwagger2 cannot be resolved to a type

	at org.springframework.beans.factory.support.AbstractAutowireCapableBeanFactory.instantiateBean(AbstractAutowireCapableBeanFactory.java:1334) ~[spring-beans-5.3.28.jar:5.3.28]
	at org.springframework.beans.factory.support.AbstractAutowireCapableBeanFactory.createBeanInstance(AbstractAutowireCapableBeanFactory.java:1232) ~[spring-beans-5.3.28.jar:5.3.28]
	at org.springframework.beans.factory.support.AbstractAutowireCapableBeanFactory.doCreateBean(AbstractAutowireCapableBeanFactory.java:582) ~[spring-beans-5.3.28.jar:5.3.28]
	at org.springframework.beans.factory.support.AbstractAutowireCapableBeanFactory.createBean(AbstractAutowireCapableBeanFactory.java:542) ~[spring-beans-5.3.28.jar:5.3.28]
	at org.springframework.beans.factory.support.AbstractBeanFactory.lambda$doGetBean$0(AbstractBeanFactory.java:335) ~[spring-beans-5.3.28.jar:5.3.28]
	at org.springframework.beans.factory.support.DefaultSingletonBeanRegistry.getSingleton(DefaultSingletonBeanRegistry.java:234) ~[spring-beans-5.3.28.jar:5.3.28]
	at org.springframework.beans.factory.support.AbstractBeanFactory.doGetBean(AbstractBeanFactory.java:333) ~[spring-beans-5.3.28.jar:5.3.28]
	at org.springframework.beans.factory.support.AbstractBeanFactory.getBean(AbstractBeanFactory.java:208) ~[spring-beans-5.3.28.jar:5.3.28]
	at org.springframework.beans.factory.support.DefaultListableBeanFactory.preInstantiateSingletons(DefaultListableBeanFactory.java:955) ~[spring-beans-5.3.28.jar:5.3.28]
	at org.springframework.context.support.AbstractApplicationContext.finishBeanFactoryInitialization(AbstractApplicationContext.java:920) ~[spring-context-5.3.28.jar:5.3.28]
	at org.springframework.context.support.AbstractApplicationContext.refresh(AbstractApplicationContext.java:583) ~[spring-context-5.3.28.jar:5.3.28]
	at org.springframework.boot.web.servlet.context.ServletWebServerApplicationContext.refresh(ServletWebServerApplicationContext.java:147) ~[spring-boot-2.7.13.jar:2.7.13]
	at org.springframework.boot.SpringApplication.refresh(SpringApplication.java:731) [spring-boot-2.7.13.jar:2.7.13]
	at org.springframework.boot.SpringApplication.refreshContext(SpringApplication.java:408) [spring-boot-2.7.13.jar:2.7.13]
	at org.springframework.boot.SpringApplication.run(SpringApplication.java:307) [spring-boot-2.7.13.jar:2.7.13]
	at org.springframework.boot.SpringApplication.run(SpringApplication.java:1303) [spring-boot-2.7.13.jar:2.7.13]
	at org.springframework.boot.SpringApplication.run(SpringApplication.java:1292) [spring-boot-2.7.13.jar:2.7.13]
	at com.app.service.RdsServiceApplication.main(MpsServiceApplication.java:14) [classes/:na]
	at sun.reflect.NativeMethodAccessorImpl.invoke0(Native Method) ~[na:1.8.0_251]
	at sun.reflect.NativeMethodAccessorImpl.invoke(Unknown Source) ~[na:1.8.0_251]
	at sun.reflect.DelegatingMethodAccessorImpl.invoke(Unknown Source) ~[na:1.8.0_251]
	at java.lang.reflect.Method.invoke(Unknown Source) ~[na:1.8.0_251]
	at org.springframework.boot.devtools.restart.RestartLauncher.run(RestartLauncher.java:50) [spring-boot-devtools-2.7.13.jar:2.7.13]
Caused by: org.springframework.beans.BeanInstantiationException: Failed to instantiate [com.app.service.config.SwaggerConfig$$EnhancerBySpringCGLIB$$ca151a20]: Constructor threw exception; nested exception is java.lang.Error: Unresolved compilation problems: 
	The import springfox cannot be resolved
	The import springfox cannot be resolved
	The import springfox cannot be resolved
	The import springfox cannot be resolved
	The import springfox cannot be resolved
	The import springfox cannot be resolved
	The import springfox cannot be resolved
	EnableSwagger2 cannot be resolved to a type

	at org.springframework.beans.BeanUtils.instantiateClass(BeanUtils.java:224) ~[spring-beans-5.3.28.jar:5.3.28]
	at org.springframework.beans.factory.support.SimpleInstantiationStrategy.instantiate(SimpleInstantiationStrategy.java:87) ~[spring-beans-5.3.28.jar:5.3.28]
	at org.springframework.beans.factory.support.AbstractAutowireCapableBeanFactory.instantiateBean(AbstractAutowireCapableBeanFactory.java:1326) ~[spring-beans-5.3.28.jar:5.3.28]
	... 22 common frames omitted
Caused by: java.lang.Error: Unresolved compilation problems: 
	The import springfox cannot be resolved
	The import springfox cannot be resolved
	The import springfox cannot be resolved
	The import springfox cannot be resolved
	The import springfox cannot be resolved
	The import springfox cannot be resolved
	The import springfox cannot be resolved
	EnableSwagger2 cannot be resolved to a type

	at com.app.service.config.SwaggerConfig.<init>(SwaggerConfig.java:5) ~[classes/:na]
	at com.app.service.config.SwaggerConfig$$EnhancerBySpringCGLIB$$ca151a20.<init>(<generated>) ~[classes/:na]
	at sun.reflect.NativeConstructorAccessorImpl.newInstance0(Native Method) ~[na:1.8.0_251]
	at sun.reflect.NativeConstructorAccessorImpl.newInstance(Unknown Source) ~[na:1.8.0_251]
	at sun.reflect.DelegatingConstructorAccessorImpl.newInstance(Unknown Source) ~[na:1.8.0_251]
	at java.lang.reflect.Constructor.newInstance(Unknown Source) ~[na:1.8.0_251]
	at org.springframework.beans.BeanUtils.instantiateClass(BeanUtils.java:211) ~[spring-beans-5.3.28.jar:5.3.28]
	... 24 common frames omitted
2024-08-15 10:11:29 [restartedMain] INFO  c.app.service.MpsServiceApplication - Starting MpsServiceApplication using Java 1.8.0_251 on mshahatih with PID 29492 (D:\MyWork\Amana\NEW-SVN\APIs\trunk\MpsApis\target\classes started by mshehata in D:\MyWork\Amana\NEW-SVN\APIs\trunk\MpsApis)
2024-08-15 10:11:29 [restartedMain] INFO  c.app.service.MpsServiceApplication - No active profile set, falling back to 1 default profile: "default"
2024-08-15 10:11:30 [restartedMain] INFO  o.s.d.r.c.RepositoryConfigurationDelegate - Multiple Spring Data modules found, entering strict repository configuration mode
2024-08-15 10:11:30 [restartedMain] INFO  o.s.d.r.c.RepositoryConfigurationDelegate - Bootstrapping Spring Data JDBC repositories in DEFAULT mode.
2024-08-15 10:11:30 [restartedMain] INFO  o.s.d.r.c.RepositoryConfigurationDelegate - Finished Spring Data repository scanning in 4 ms. Found 0 JDBC repository interfaces.
2024-08-15 10:11:30 [restartedMain] INFO  o.s.d.r.c.RepositoryConfigurationDelegate - Multiple Spring Data modules found, entering strict repository configuration mode
2024-08-15 10:11:30 [restartedMain] INFO  o.s.d.r.c.RepositoryConfigurationDelegate - Bootstrapping Spring Data JPA repositories in DEFAULT mode.
2024-08-15 10:11:30 [restartedMain] INFO  o.s.d.r.c.RepositoryConfigurationDelegate - Finished Spring Data repository scanning in 1 ms. Found 0 JPA repository interfaces.
2024-08-15 10:11:30 [restartedMain] INFO  o.s.b.w.e.tomcat.TomcatWebServer - Tomcat initialized with port(s): 8788 (http)
2024-08-15 10:11:30 [restartedMain] INFO  o.a.catalina.core.StandardService - Starting service [Tomcat]
2024-08-15 10:11:30 [restartedMain] INFO  o.a.catalina.core.StandardEngine - Starting Servlet engine: [Apache Tomcat/9.0.76]
2024-08-15 10:11:30 [restartedMain] INFO  o.a.c.c.C.[Tomcat-1].[localhost].[/] - Initializing Spring embedded WebApplicationContext
2024-08-15 10:11:30 [restartedMain] INFO  o.s.b.w.s.c.ServletWebServerApplicationContext - Root WebApplicationContext: initialization completed in 393 ms
2024-08-15 10:11:30 [restartedMain] INFO  o.h.jpa.internal.util.LogHelper - HHH000204: Processing PersistenceUnitInfo [name: default]
2024-08-15 10:11:30 [restartedMain] INFO  com.zaxxer.hikari.HikariDataSource - HikariPool-4 - Starting...
2024-08-15 10:11:30 [restartedMain] INFO  com.zaxxer.hikari.HikariDataSource - HikariPool-4 - Start completed.
2024-08-15 10:11:30 [restartedMain] INFO  org.hibernate.dialect.Dialect - HHH000400: Using dialect: org.hibernate.dialect.Oracle10gDialect
2024-08-15 10:11:30 [restartedMain] INFO  o.h.e.t.j.p.i.JtaPlatformInitiator - HHH000490: Using JtaPlatform implementation: [org.hibernate.engine.transaction.jta.platform.internal.NoJtaPlatform]
2024-08-15 10:11:30 [restartedMain] INFO  o.s.o.j.LocalContainerEntityManagerFactoryBean - Initialized JPA EntityManagerFactory for persistence unit 'default'
2024-08-15 10:11:30 [restartedMain] WARN  o.s.b.w.s.c.AnnotationConfigServletWebServerApplicationContext - Exception encountered during context initialization - cancelling refresh attempt: org.springframework.beans.factory.BeanCreationException: Error creating bean with name 'swaggerConfig' defined in file [D:\MyWork\Amana\NEW-SVN\APIs\trunk\MpsApis\target\classes\com\app\service\config\SwaggerConfig.class]: Instantiation of bean failed; nested exception is org.springframework.beans.BeanInstantiationException: Failed to instantiate [com.app.service.config.SwaggerConfig$$EnhancerBySpringCGLIB$$ca151a20]: Constructor threw exception; nested exception is java.lang.Error: Unresolved compilation problems: 
	The import springfox cannot be resolved
	The import springfox cannot be resolved
	The import springfox cannot be resolved
	The import springfox cannot be resolved
	The import springfox cannot be resolved
	The import springfox cannot be resolved
	The import springfox cannot be resolved
	EnableSwagger2 cannot be resolved to a type

2024-08-15 10:11:30 [restartedMain] INFO  o.s.o.j.LocalContainerEntityManagerFactoryBean - Closing JPA EntityManagerFactory for persistence unit 'default'
2024-08-15 10:11:30 [restartedMain] INFO  com.zaxxer.hikari.HikariDataSource - HikariPool-4 - Shutdown initiated...
2024-08-15 10:11:30 [restartedMain] INFO  com.zaxxer.hikari.HikariDataSource - HikariPool-4 - Shutdown completed.
2024-08-15 10:11:30 [restartedMain] INFO  o.a.catalina.core.StandardService - Stopping service [Tomcat]
2024-08-15 10:11:30 [restartedMain] INFO  o.s.b.a.l.ConditionEvaluationReportLoggingListener - 

Error starting ApplicationContext. To display the conditions report re-run your application with 'debug' enabled.
2024-08-15 10:11:30 [restartedMain] ERROR o.s.boot.SpringApplication - Application run failed
org.springframework.beans.factory.BeanCreationException: Error creating bean with name 'swaggerConfig' defined in file [D:\MyWork\Amana\NEW-SVN\APIs\trunk\MpsApis\target\classes\com\app\service\config\SwaggerConfig.class]: Instantiation of bean failed; nested exception is org.springframework.beans.BeanInstantiationException: Failed to instantiate [com.app.service.config.SwaggerConfig$$EnhancerBySpringCGLIB$$ca151a20]: Constructor threw exception; nested exception is java.lang.Error: Unresolved compilation problems: 
	The import springfox cannot be resolved
	The import springfox cannot be resolved
	The import springfox cannot be resolved
	The import springfox cannot be resolved
	The import springfox cannot be resolved
	The import springfox cannot be resolved
	The import springfox cannot be resolved
	EnableSwagger2 cannot be resolved to a type

	at org.springframework.beans.factory.support.AbstractAutowireCapableBeanFactory.instantiateBean(AbstractAutowireCapableBeanFactory.java:1334) ~[spring-beans-5.3.28.jar:5.3.28]
	at org.springframework.beans.factory.support.AbstractAutowireCapableBeanFactory.createBeanInstance(AbstractAutowireCapableBeanFactory.java:1232) ~[spring-beans-5.3.28.jar:5.3.28]
	at org.springframework.beans.factory.support.AbstractAutowireCapableBeanFactory.doCreateBean(AbstractAutowireCapableBeanFactory.java:582) ~[spring-beans-5.3.28.jar:5.3.28]
	at org.springframework.beans.factory.support.AbstractAutowireCapableBeanFactory.createBean(AbstractAutowireCapableBeanFactory.java:542) ~[spring-beans-5.3.28.jar:5.3.28]
	at org.springframework.beans.factory.support.AbstractBeanFactory.lambda$doGetBean$0(AbstractBeanFactory.java:335) ~[spring-beans-5.3.28.jar:5.3.28]
	at org.springframework.beans.factory.support.DefaultSingletonBeanRegistry.getSingleton(DefaultSingletonBeanRegistry.java:234) ~[spring-beans-5.3.28.jar:5.3.28]
	at org.springframework.beans.factory.support.AbstractBeanFactory.doGetBean(AbstractBeanFactory.java:333) ~[spring-beans-5.3.28.jar:5.3.28]
	at org.springframework.beans.factory.support.AbstractBeanFactory.getBean(AbstractBeanFactory.java:208) ~[spring-beans-5.3.28.jar:5.3.28]
	at org.springframework.beans.factory.support.DefaultListableBeanFactory.preInstantiateSingletons(DefaultListableBeanFactory.java:955) ~[spring-beans-5.3.28.jar:5.3.28]
	at org.springframework.context.support.AbstractApplicationContext.finishBeanFactoryInitialization(AbstractApplicationContext.java:920) ~[spring-context-5.3.28.jar:5.3.28]
	at org.springframework.context.support.AbstractApplicationContext.refresh(AbstractApplicationContext.java:583) ~[spring-context-5.3.28.jar:5.3.28]
	at org.springframework.boot.web.servlet.context.ServletWebServerApplicationContext.refresh(ServletWebServerApplicationContext.java:147) ~[spring-boot-2.7.13.jar:2.7.13]
	at org.springframework.boot.SpringApplication.refresh(SpringApplication.java:731) [spring-boot-2.7.13.jar:2.7.13]
	at org.springframework.boot.SpringApplication.refreshContext(SpringApplication.java:408) [spring-boot-2.7.13.jar:2.7.13]
	at org.springframework.boot.SpringApplication.run(SpringApplication.java:307) [spring-boot-2.7.13.jar:2.7.13]
	at org.springframework.boot.SpringApplication.run(SpringApplication.java:1303) [spring-boot-2.7.13.jar:2.7.13]
	at org.springframework.boot.SpringApplication.run(SpringApplication.java:1292) [spring-boot-2.7.13.jar:2.7.13]
	at com.app.service.RdsServiceApplication.main(MpsServiceApplication.java:14) [classes/:na]
	at sun.reflect.NativeMethodAccessorImpl.invoke0(Native Method) ~[na:1.8.0_251]
	at sun.reflect.NativeMethodAccessorImpl.invoke(Unknown Source) ~[na:1.8.0_251]
	at sun.reflect.DelegatingMethodAccessorImpl.invoke(Unknown Source) ~[na:1.8.0_251]
	at java.lang.reflect.Method.invoke(Unknown Source) ~[na:1.8.0_251]
	at org.springframework.boot.devtools.restart.RestartLauncher.run(RestartLauncher.java:50) [spring-boot-devtools-2.7.13.jar:2.7.13]
Caused by: org.springframework.beans.BeanInstantiationException: Failed to instantiate [com.app.service.config.SwaggerConfig$$EnhancerBySpringCGLIB$$ca151a20]: Constructor threw exception; nested exception is java.lang.Error: Unresolved compilation problems: 
	The import springfox cannot be resolved
	The import springfox cannot be resolved
	The import springfox cannot be resolved
	The import springfox cannot be resolved
	The import springfox cannot be resolved
	The import springfox cannot be resolved
	The import springfox cannot be resolved
	EnableSwagger2 cannot be resolved to a type

	at org.springframework.beans.BeanUtils.instantiateClass(BeanUtils.java:224) ~[spring-beans-5.3.28.jar:5.3.28]
	at org.springframework.beans.factory.support.SimpleInstantiationStrategy.instantiate(SimpleInstantiationStrategy.java:87) ~[spring-beans-5.3.28.jar:5.3.28]
	at org.springframework.beans.factory.support.AbstractAutowireCapableBeanFactory.instantiateBean(AbstractAutowireCapableBeanFactory.java:1326) ~[spring-beans-5.3.28.jar:5.3.28]
	... 22 common frames omitted
Caused by: java.lang.Error: Unresolved compilation problems: 
	The import springfox cannot be resolved
	The import springfox cannot be resolved
	The import springfox cannot be resolved
	The import springfox cannot be resolved
	The import springfox cannot be resolved
	The import springfox cannot be resolved
	The import springfox cannot be resolved
	EnableSwagger2 cannot be resolved to a type

	at com.app.service.config.SwaggerConfig.<init>(SwaggerConfig.java:5) ~[classes/:na]
	at com.app.service.config.SwaggerConfig$$EnhancerBySpringCGLIB$$ca151a20.<init>(<generated>) ~[classes/:na]
	at sun.reflect.NativeConstructorAccessorImpl.newInstance0(Native Method) ~[na:1.8.0_251]
	at sun.reflect.NativeConstructorAccessorImpl.newInstance(Unknown Source) ~[na:1.8.0_251]
	at sun.reflect.DelegatingConstructorAccessorImpl.newInstance(Unknown Source) ~[na:1.8.0_251]
	at java.lang.reflect.Constructor.newInstance(Unknown Source) ~[na:1.8.0_251]
	at org.springframework.beans.BeanUtils.instantiateClass(BeanUtils.java:211) ~[spring-beans-5.3.28.jar:5.3.28]
	... 24 common frames omitted
2024-08-15 10:11:31 [restartedMain] INFO  c.app.service.MpsServiceApplication - Starting MpsServiceApplication using Java 1.8.0_251 on mshahatih with PID 29492 (D:\MyWork\Amana\NEW-SVN\APIs\trunk\MpsApis\target\classes started by mshehata in D:\MyWork\Amana\NEW-SVN\APIs\trunk\MpsApis)
2024-08-15 10:11:31 [restartedMain] INFO  c.app.service.MpsServiceApplication - No active profile set, falling back to 1 default profile: "default"
2024-08-15 10:11:32 [restartedMain] INFO  o.s.d.r.c.RepositoryConfigurationDelegate - Multiple Spring Data modules found, entering strict repository configuration mode
2024-08-15 10:11:32 [restartedMain] INFO  o.s.d.r.c.RepositoryConfigurationDelegate - Bootstrapping Spring Data JDBC repositories in DEFAULT mode.
2024-08-15 10:11:32 [restartedMain] INFO  o.s.d.r.c.RepositoryConfigurationDelegate - Finished Spring Data repository scanning in 4 ms. Found 0 JDBC repository interfaces.
2024-08-15 10:11:32 [restartedMain] INFO  o.s.d.r.c.RepositoryConfigurationDelegate - Multiple Spring Data modules found, entering strict repository configuration mode
2024-08-15 10:11:32 [restartedMain] INFO  o.s.d.r.c.RepositoryConfigurationDelegate - Bootstrapping Spring Data JPA repositories in DEFAULT mode.
2024-08-15 10:11:32 [restartedMain] INFO  o.s.d.r.c.RepositoryConfigurationDelegate - Finished Spring Data repository scanning in 2 ms. Found 0 JPA repository interfaces.
2024-08-15 10:11:32 [restartedMain] INFO  o.s.b.w.e.tomcat.TomcatWebServer - Tomcat initialized with port(s): 8788 (http)
2024-08-15 10:11:32 [restartedMain] INFO  o.a.catalina.core.StandardService - Starting service [Tomcat]
2024-08-15 10:11:32 [restartedMain] INFO  o.a.catalina.core.StandardEngine - Starting Servlet engine: [Apache Tomcat/9.0.76]
2024-08-15 10:11:32 [restartedMain] INFO  o.a.c.c.C.[Tomcat-2].[localhost].[/] - Initializing Spring embedded WebApplicationContext
2024-08-15 10:11:32 [restartedMain] INFO  o.s.b.w.s.c.ServletWebServerApplicationContext - Root WebApplicationContext: initialization completed in 498 ms
2024-08-15 10:11:32 [restartedMain] INFO  o.h.jpa.internal.util.LogHelper - HHH000204: Processing PersistenceUnitInfo [name: default]
2024-08-15 10:11:32 [restartedMain] INFO  com.zaxxer.hikari.HikariDataSource - HikariPool-5 - Starting...
2024-08-15 10:11:32 [restartedMain] INFO  com.zaxxer.hikari.HikariDataSource - HikariPool-5 - Start completed.
2024-08-15 10:11:32 [restartedMain] INFO  org.hibernate.dialect.Dialect - HHH000400: Using dialect: org.hibernate.dialect.Oracle10gDialect
2024-08-15 10:11:32 [restartedMain] INFO  o.h.e.t.j.p.i.JtaPlatformInitiator - HHH000490: Using JtaPlatform implementation: [org.hibernate.engine.transaction.jta.platform.internal.NoJtaPlatform]
2024-08-15 10:11:32 [restartedMain] INFO  o.s.o.j.LocalContainerEntityManagerFactoryBean - Initialized JPA EntityManagerFactory for persistence unit 'default'
2024-08-15 10:11:32 [restartedMain] WARN  o.s.b.a.o.j.JpaBaseConfiguration$JpaWebConfiguration - spring.jpa.open-in-view is enabled by default. Therefore, database queries may be performed during view rendering. Explicitly configure spring.jpa.open-in-view to disable this warning
2024-08-15 10:11:32 [restartedMain] INFO  o.s.b.d.a.OptionalLiveReloadServer - LiveReload server is running on port 35729
2024-08-15 10:11:32 [restartedMain] INFO  o.s.s.web.DefaultSecurityFilterChain - Will secure any request with [org.springframework.security.web.session.DisableEncodeUrlFilter@51e1bd4d, org.springframework.security.web.context.request.async.WebAsyncManagerIntegrationFilter@5641c8a4, org.springframework.security.web.context.SecurityContextPersistenceFilter@5a9dfaa1, org.springframework.security.web.header.HeaderWriterFilter@367b40fb, org.springframework.web.filter.CorsFilter@4ba95c7b, org.springframework.security.web.authentication.logout.LogoutFilter@5202e50d, org.springframework.security.web.authentication.www.BasicAuthenticationFilter@7ece4151, org.springframework.security.web.savedrequest.RequestCacheAwareFilter@53afd615, org.springframework.security.web.servletapi.SecurityContextHolderAwareRequestFilter@3f3f3803, org.springframework.security.web.authentication.AnonymousAuthenticationFilter@47e15896, org.springframework.security.web.session.SessionManagementFilter@13796c21, org.springframework.security.web.access.ExceptionTranslationFilter@6f1cc4fb, org.springframework.security.web.access.intercept.FilterSecurityInterceptor@69ae8b7c]
2024-08-15 10:11:32 [restartedMain] INFO  o.s.b.w.e.tomcat.TomcatWebServer - Tomcat started on port(s): 8788 (http) with context path ''
2024-08-15 10:11:33 [restartedMain] INFO  c.app.service.MpsServiceApplication - Started MpsServiceApplication in 1.162 seconds (JVM running for 90.121)
2024-08-15 10:11:33 [restartedMain] INFO  o.s.b.d.a.ConditionEvaluationDeltaLoggingListener - Condition evaluation unchanged
2024-08-15 10:11:35 [http-nio-8788-exec-1] INFO  o.a.c.c.C.[Tomcat-2].[localhost].[/] - Initializing Spring DispatcherServlet 'dispatcherServlet'
2024-08-15 10:11:35 [http-nio-8788-exec-1] INFO  o.s.web.servlet.DispatcherServlet - Initializing Servlet 'dispatcherServlet'
2024-08-15 10:11:35 [http-nio-8788-exec-1] INFO  o.s.web.servlet.DispatcherServlet - Completed initialization in 2 ms
2024-08-15 10:11:42 [RMI TCP Connection(5)-127.0.0.1] INFO  o.s.b.a.SpringApplicationAdminMXBeanRegistrar$SpringApplicationAdmin - Application shutdown requested.
2024-08-15 10:11:42 [RMI TCP Connection(5)-127.0.0.1] INFO  o.a.catalina.core.StandardService - Stopping service [Tomcat]
2024-08-15 10:11:42 [RMI TCP Connection(5)-127.0.0.1] INFO  o.a.c.c.C.[Tomcat-2].[localhost].[/] - Destroying Spring FrameworkServlet 'dispatcherServlet'
2024-08-15 10:11:42 [RMI TCP Connection(5)-127.0.0.1] INFO  o.s.o.j.LocalContainerEntityManagerFactoryBean - Closing JPA EntityManagerFactory for persistence unit 'default'
2024-08-15 10:11:42 [RMI TCP Connection(5)-127.0.0.1] INFO  com.zaxxer.hikari.HikariDataSource - HikariPool-5 - Shutdown initiated...
2024-08-15 10:11:42 [RMI TCP Connection(5)-127.0.0.1] INFO  com.zaxxer.hikari.HikariDataSource - HikariPool-5 - Shutdown completed.
2024-08-15 10:11:46 [restartedMain] INFO  c.app.service.MpsServiceApplication - Starting MpsServiceApplication using Java 1.8.0_251 on mshahatih with PID 18840 (D:\MyWork\Amana\NEW-SVN\APIs\trunk\MpsApis\target\classes started by mshehata in D:\MyWork\Amana\NEW-SVN\APIs\trunk\MpsApis)
2024-08-15 10:11:46 [restartedMain] INFO  c.app.service.MpsServiceApplication - No active profile set, falling back to 1 default profile: "default"
2024-08-15 10:11:47 [restartedMain] INFO  o.s.b.d.restart.ChangeableUrls - The Class-Path manifest attribute in C:\Users\mshehata\.m2\repository\com\oracle\database\jdbc\ojdbc8\19.3.0.0\ojdbc8-19.3.0.0.jar referenced one or more files that do not exist: file:/C:/Users/mshehata/.m2/repository/com/oracle/database/jdbc/ojdbc8/19.3.0.0/oraclepki.jar
2024-08-15 10:11:47 [restartedMain] INFO  o.s.b.d.restart.ChangeableUrls - The Class-Path manifest attribute in C:\Users\mshehata\.m2\repository\com\oracle\database\security\oraclepki\21.5.0.0\oraclepki-21.5.0.0.jar referenced one or more files that do not exist: file:/C:/Users/mshehata/.m2/repository/com/oracle/database/security/oraclepki/21.5.0.0/osdt_core.jar,file:/C:/Users/mshehata/.m2/repository/com/oracle/database/security/oraclepki/21.5.0.0/osdt_cert.jar,file:/C:/Users/mshehata/.m2/repository/com/oracle/database/security/oraclepki/oracle.osdt/osdt_core.jar,file:/C:/Users/mshehata/.m2/repository/com/oracle/database/security/oraclepki/oracle.osdt/osdt_cert.jar
2024-08-15 10:11:47 [restartedMain] INFO  o.s.b.d.restart.ChangeableUrls - The Class-Path manifest attribute in C:\Users\mshehata\.m2\repository\com\oracle\ojdbc\orai18n\19.3.0.0\orai18n-19.3.0.0.jar referenced one or more files that do not exist: file:/C:/Users/mshehata/.m2/repository/com/oracle/ojdbc/orai18n/19.3.0.0/orai18n-mapping.jar,file:/C:/Users/mshehata/.m2/repository/com/oracle/ojdbc/orai18n/19.3.0.0/orai18n-utility.jar,file:/C:/Users/mshehata/.m2/repository/com/oracle/ojdbc/orai18n/19.3.0.0/orai18n-collation.jar,file:/C:/Users/mshehata/.m2/repository/com/oracle/ojdbc/orai18n/19.3.0.0/orai18n-translation.jar,file:/C:/Users/mshehata/.m2/repository/com/oracle/ojdbc/orai18n/19.3.0.0/orai18n-net.jar,file:/C:/Users/mshehata/.m2/repository/com/oracle/ojdbc/orai18n/19.3.0.0/orai18n-servlet.jar,file:/C:/Users/mshehata/.m2/repository/com/oracle/ojdbc/orai18n/19.3.0.0/orai18n-lcsd.jar,file:/C:/Users/mshehata/.m2/repository/com/oracle/ojdbc/orai18n/19.3.0.0/orai18n-tools.jar,file:/C:/Users/mshehata/.m2/repository/com/oracle/ojdbc/orai18n/19.3.0.0/gdk_custom.jar
2024-08-15 10:11:47 [restartedMain] INFO  o.s.b.d.e.DevToolsPropertyDefaultsPostProcessor - Devtools property defaults active! Set 'spring.devtools.add-properties' to 'false' to disable
2024-08-15 10:11:47 [restartedMain] INFO  o.s.b.d.e.DevToolsPropertyDefaultsPostProcessor - For additional web related logging consider setting the 'logging.level.web' property to 'DEBUG'
2024-08-15 10:11:47 [restartedMain] INFO  o.s.d.r.c.RepositoryConfigurationDelegate - Multiple Spring Data modules found, entering strict repository configuration mode
2024-08-15 10:11:47 [restartedMain] INFO  o.s.d.r.c.RepositoryConfigurationDelegate - Bootstrapping Spring Data JDBC repositories in DEFAULT mode.
2024-08-15 10:11:47 [restartedMain] INFO  o.s.d.r.c.RepositoryConfigurationDelegate - Finished Spring Data repository scanning in 6 ms. Found 0 JDBC repository interfaces.
2024-08-15 10:11:47 [restartedMain] INFO  o.s.d.r.c.RepositoryConfigurationDelegate - Multiple Spring Data modules found, entering strict repository configuration mode
2024-08-15 10:11:47 [restartedMain] INFO  o.s.d.r.c.RepositoryConfigurationDelegate - Bootstrapping Spring Data JPA repositories in DEFAULT mode.
2024-08-15 10:11:47 [restartedMain] INFO  o.s.d.r.c.RepositoryConfigurationDelegate - Finished Spring Data repository scanning in 2 ms. Found 0 JPA repository interfaces.
2024-08-15 10:11:47 [restartedMain] INFO  o.s.b.w.e.tomcat.TomcatWebServer - Tomcat initialized with port(s): 8788 (http)
2024-08-15 10:11:47 [restartedMain] INFO  o.a.catalina.core.StandardService - Starting service [Tomcat]
2024-08-15 10:11:47 [restartedMain] INFO  o.a.catalina.core.StandardEngine - Starting Servlet engine: [Apache Tomcat/9.0.76]
2024-08-15 10:11:48 [restartedMain] INFO  o.a.c.c.C.[Tomcat].[localhost].[/] - Initializing Spring embedded WebApplicationContext
2024-08-15 10:11:48 [restartedMain] INFO  o.s.b.w.s.c.ServletWebServerApplicationContext - Root WebApplicationContext: initialization completed in 1100 ms
2024-08-15 10:11:48 [restartedMain] INFO  o.h.jpa.internal.util.LogHelper - HHH000204: Processing PersistenceUnitInfo [name: default]
2024-08-15 10:11:48 [restartedMain] INFO  org.hibernate.Version - HHH000412: Hibernate ORM core version 5.6.15.Final
2024-08-15 10:11:48 [restartedMain] INFO  o.h.annotations.common.Version - HCANN000001: Hibernate Commons Annotations {5.1.2.Final}
2024-08-15 10:11:48 [restartedMain] INFO  com.zaxxer.hikari.HikariDataSource - HikariPool-1 - Starting...
2024-08-15 10:11:48 [restartedMain] INFO  com.zaxxer.hikari.HikariDataSource - HikariPool-1 - Start completed.
2024-08-15 10:11:48 [restartedMain] INFO  org.hibernate.dialect.Dialect - HHH000400: Using dialect: org.hibernate.dialect.Oracle10gDialect
2024-08-15 10:11:48 [restartedMain] INFO  o.h.e.t.j.p.i.JtaPlatformInitiator - HHH000490: Using JtaPlatform implementation: [org.hibernate.engine.transaction.jta.platform.internal.NoJtaPlatform]
2024-08-15 10:11:49 [restartedMain] INFO  o.s.o.j.LocalContainerEntityManagerFactoryBean - Initialized JPA EntityManagerFactory for persistence unit 'default'
2024-08-15 10:11:49 [restartedMain] WARN  o.s.b.a.o.j.JpaBaseConfiguration$JpaWebConfiguration - spring.jpa.open-in-view is enabled by default. Therefore, database queries may be performed during view rendering. Explicitly configure spring.jpa.open-in-view to disable this warning
2024-08-15 10:11:49 [restartedMain] INFO  o.s.s.web.DefaultSecurityFilterChain - Will secure any request with [org.springframework.security.web.session.DisableEncodeUrlFilter@5df528e5, org.springframework.security.web.context.request.async.WebAsyncManagerIntegrationFilter@af544f8, org.springframework.security.web.context.SecurityContextPersistenceFilter@1169ad17, org.springframework.security.web.header.HeaderWriterFilter@1db8030, org.springframework.web.filter.CorsFilter@3fcb2a5c, org.springframework.security.web.authentication.logout.LogoutFilter@17b58886, org.springframework.security.web.authentication.www.BasicAuthenticationFilter@20597edb, org.springframework.security.web.savedrequest.RequestCacheAwareFilter@6d8ee082, org.springframework.security.web.servletapi.SecurityContextHolderAwareRequestFilter@13aff143, org.springframework.security.web.authentication.AnonymousAuthenticationFilter@5dfd35ff, org.springframework.security.web.session.SessionManagementFilter@13b91e42, org.springframework.security.web.access.ExceptionTranslationFilter@4b1f213f, org.springframework.security.web.access.intercept.FilterSecurityInterceptor@8c831ec]
2024-08-15 10:11:49 [restartedMain] INFO  o.s.b.d.a.OptionalLiveReloadServer - LiveReload server is running on port 35729
2024-08-15 10:11:49 [restartedMain] INFO  o.s.b.w.e.tomcat.TomcatWebServer - Tomcat started on port(s): 8788 (http) with context path ''
2024-08-15 10:11:49 [restartedMain] INFO  c.app.service.MpsServiceApplication - Started MpsServiceApplication in 2.994 seconds (JVM running for 3.806)
2024-08-15 10:12:05 [http-nio-8788-exec-1] INFO  o.a.c.c.C.[Tomcat].[localhost].[/] - Initializing Spring DispatcherServlet 'dispatcherServlet'
2024-08-15 10:12:05 [http-nio-8788-exec-1] INFO  o.s.web.servlet.DispatcherServlet - Initializing Servlet 'dispatcherServlet'
2024-08-15 10:12:05 [http-nio-8788-exec-1] INFO  o.s.web.servlet.DispatcherServlet - Completed initialization in 0 ms
2024-08-15 10:12:06 [http-nio-8788-exec-9] INFO  o.s.api.AbstractOpenApiResource - Init duration for springdoc-openapi is: 183 ms
2024-08-15 13:55:37 [File Watcher] INFO  o.s.b.d.a.LocalDevToolsAutoConfiguration$RestartingClassPathChangeChangedEventListener - Restarting due to 1 class path change (0 additions, 1 deletion, 0 modifications)
2024-08-15 13:55:37 [Thread-18] INFO  o.a.catalina.core.StandardService - Stopping service [Tomcat]
2024-08-15 13:55:37 [Thread-18] INFO  o.a.c.c.C.[Tomcat].[localhost].[/] - Destroying Spring FrameworkServlet 'dispatcherServlet'
2024-08-15 13:55:37 [Thread-18] INFO  o.s.o.j.LocalContainerEntityManagerFactoryBean - Closing JPA EntityManagerFactory for persistence unit 'default'
2024-08-15 13:55:37 [Thread-18] INFO  com.zaxxer.hikari.HikariDataSource - HikariPool-1 - Shutdown initiated...
2024-08-15 13:55:37 [Thread-18] INFO  com.zaxxer.hikari.HikariDataSource - HikariPool-1 - Shutdown completed.
2024-08-15 13:55:37 [restartedMain] INFO  c.app.service.MpsServiceApplication - Starting MpsServiceApplication using Java 1.8.0_251 on mshahatih with PID 18840 (D:\MyWork\Amana\NEW-SVN\APIs\trunk\MpsApis\target\classes started by mshehata in D:\MyWork\Amana\NEW-SVN\APIs\trunk\MpsApis)
2024-08-15 13:55:37 [restartedMain] INFO  c.app.service.MpsServiceApplication - No active profile set, falling back to 1 default profile: "default"
2024-08-15 13:55:37 [restartedMain] INFO  o.s.d.r.c.RepositoryConfigurationDelegate - Multiple Spring Data modules found, entering strict repository configuration mode
2024-08-15 13:55:37 [restartedMain] INFO  o.s.d.r.c.RepositoryConfigurationDelegate - Bootstrapping Spring Data JDBC repositories in DEFAULT mode.
2024-08-15 13:55:37 [restartedMain] INFO  o.s.d.r.c.RepositoryConfigurationDelegate - Finished Spring Data repository scanning in 5 ms. Found 0 JDBC repository interfaces.
2024-08-15 13:55:37 [restartedMain] INFO  o.s.d.r.c.RepositoryConfigurationDelegate - Multiple Spring Data modules found, entering strict repository configuration mode
2024-08-15 13:55:37 [restartedMain] INFO  o.s.d.r.c.RepositoryConfigurationDelegate - Bootstrapping Spring Data JPA repositories in DEFAULT mode.
2024-08-15 13:55:37 [restartedMain] INFO  o.s.d.r.c.RepositoryConfigurationDelegate - Finished Spring Data repository scanning in 2 ms. Found 0 JPA repository interfaces.
2024-08-15 13:55:37 [restartedMain] INFO  o.s.b.w.e.tomcat.TomcatWebServer - Tomcat initialized with port(s): 8788 (http)
2024-08-15 13:55:37 [restartedMain] INFO  o.a.catalina.core.StandardService - Starting service [Tomcat]
2024-08-15 13:55:37 [restartedMain] INFO  o.a.catalina.core.StandardEngine - Starting Servlet engine: [Apache Tomcat/9.0.76]
2024-08-15 13:55:37 [restartedMain] INFO  o.a.c.c.C.[Tomcat].[localhost].[/] - Initializing Spring embedded WebApplicationContext
2024-08-15 13:55:37 [restartedMain] INFO  o.s.b.w.s.c.ServletWebServerApplicationContext - Root WebApplicationContext: initialization completed in 452 ms
2024-08-15 13:55:37 [restartedMain] INFO  o.h.jpa.internal.util.LogHelper - HHH000204: Processing PersistenceUnitInfo [name: default]
2024-08-15 13:55:37 [restartedMain] INFO  com.zaxxer.hikari.HikariDataSource - HikariPool-2 - Starting...
2024-08-15 13:55:38 [restartedMain] INFO  com.zaxxer.hikari.HikariDataSource - HikariPool-2 - Start completed.
2024-08-15 13:55:38 [restartedMain] INFO  org.hibernate.dialect.Dialect - HHH000400: Using dialect: org.hibernate.dialect.Oracle10gDialect
2024-08-15 13:55:38 [restartedMain] INFO  o.h.e.t.j.p.i.JtaPlatformInitiator - HHH000490: Using JtaPlatform implementation: [org.hibernate.engine.transaction.jta.platform.internal.NoJtaPlatform]
2024-08-15 13:55:38 [restartedMain] INFO  o.s.o.j.LocalContainerEntityManagerFactoryBean - Initialized JPA EntityManagerFactory for persistence unit 'default'
2024-08-15 13:55:38 [restartedMain] WARN  o.s.b.a.o.j.JpaBaseConfiguration$JpaWebConfiguration - spring.jpa.open-in-view is enabled by default. Therefore, database queries may be performed during view rendering. Explicitly configure spring.jpa.open-in-view to disable this warning
2024-08-15 13:55:39 [restartedMain] INFO  o.s.s.web.DefaultSecurityFilterChain - Will secure any request with [org.springframework.security.web.session.DisableEncodeUrlFilter@4a8fbf87, org.springframework.security.web.context.request.async.WebAsyncManagerIntegrationFilter@516d4f1c, org.springframework.security.web.context.SecurityContextPersistenceFilter@1fd85910, org.springframework.security.web.header.HeaderWriterFilter@768a8399, org.springframework.web.filter.CorsFilter@27fd092a, org.springframework.security.web.authentication.logout.LogoutFilter@3372d0e4, org.springframework.security.web.authentication.www.BasicAuthenticationFilter@5475703, org.springframework.security.web.savedrequest.RequestCacheAwareFilter@4ba0633b, org.springframework.security.web.servletapi.SecurityContextHolderAwareRequestFilter@6914b79d, org.springframework.security.web.authentication.AnonymousAuthenticationFilter@18bdbd99, org.springframework.security.web.session.SessionManagementFilter@76fe2a47, org.springframework.security.web.access.ExceptionTranslationFilter@65c62d55, org.springframework.security.web.access.intercept.FilterSecurityInterceptor@6ff322b1]
2024-08-15 13:55:39 [restartedMain] INFO  o.s.b.d.a.OptionalLiveReloadServer - LiveReload server is running on port 35729
2024-08-15 13:55:39 [restartedMain] INFO  o.s.b.w.e.tomcat.TomcatWebServer - Tomcat started on port(s): 8788 (http) with context path ''
2024-08-15 13:55:39 [restartedMain] INFO  c.app.service.MpsServiceApplication - Started MpsServiceApplication in 2.068 seconds (JVM running for 13433.547)
2024-08-15 13:55:39 [restartedMain] INFO  o.s.b.d.a.ConditionEvaluationDeltaLoggingListener - Condition evaluation unchanged
2024-08-15 13:56:19 [http-nio-8788-exec-1] INFO  o.a.c.c.C.[Tomcat].[localhost].[/] - Initializing Spring DispatcherServlet 'dispatcherServlet'
2024-08-15 13:56:19 [http-nio-8788-exec-1] INFO  o.s.web.servlet.DispatcherServlet - Initializing Servlet 'dispatcherServlet'
2024-08-15 13:56:19 [http-nio-8788-exec-1] INFO  o.s.web.servlet.DispatcherServlet - Completed initialization in 1 ms
2024-08-15 13:56:19 [http-nio-8788-exec-8] INFO  o.s.api.AbstractOpenApiResource - Init duration for springdoc-openapi is: 71 ms
2024-08-15 14:00:18 [File Watcher] INFO  o.s.b.d.a.LocalDevToolsAutoConfiguration$RestartingClassPathChangeChangedEventListener - Restarting due to 2 class path changes (0 additions, 0 deletions, 2 modifications)
2024-08-15 14:00:18 [Thread-21] INFO  o.a.catalina.core.StandardService - Stopping service [Tomcat]
2024-08-15 14:00:18 [Thread-21] INFO  o.a.c.c.C.[Tomcat].[localhost].[/] - Destroying Spring FrameworkServlet 'dispatcherServlet'
2024-08-15 14:00:18 [Thread-21] INFO  o.s.o.j.LocalContainerEntityManagerFactoryBean - Closing JPA EntityManagerFactory for persistence unit 'default'
2024-08-15 14:00:18 [Thread-21] INFO  com.zaxxer.hikari.HikariDataSource - HikariPool-2 - Shutdown initiated...
2024-08-15 14:00:18 [Thread-21] INFO  com.zaxxer.hikari.HikariDataSource - HikariPool-2 - Shutdown completed.
2024-08-15 14:00:18 [restartedMain] INFO  c.app.service.MpsServiceApplication - Starting MpsServiceApplication using Java 1.8.0_251 on mshahatih with PID 18840 (D:\MyWork\Amana\NEW-SVN\APIs\trunk\MpsApis\target\classes started by mshehata in D:\MyWork\Amana\NEW-SVN\APIs\trunk\MpsApis)
2024-08-15 14:00:18 [restartedMain] INFO  c.app.service.MpsServiceApplication - No active profile set, falling back to 1 default profile: "default"
2024-08-15 14:00:18 [restartedMain] INFO  o.s.d.r.c.RepositoryConfigurationDelegate - Multiple Spring Data modules found, entering strict repository configuration mode
2024-08-15 14:00:18 [restartedMain] INFO  o.s.d.r.c.RepositoryConfigurationDelegate - Bootstrapping Spring Data JDBC repositories in DEFAULT mode.
2024-08-15 14:00:18 [restartedMain] INFO  o.s.d.r.c.RepositoryConfigurationDelegate - Finished Spring Data repository scanning in 5 ms. Found 0 JDBC repository interfaces.
2024-08-15 14:00:18 [restartedMain] INFO  o.s.d.r.c.RepositoryConfigurationDelegate - Multiple Spring Data modules found, entering strict repository configuration mode
2024-08-15 14:00:18 [restartedMain] INFO  o.s.d.r.c.RepositoryConfigurationDelegate - Bootstrapping Spring Data JPA repositories in DEFAULT mode.
2024-08-15 14:00:18 [restartedMain] INFO  o.s.d.r.c.RepositoryConfigurationDelegate - Finished Spring Data repository scanning in 1 ms. Found 0 JPA repository interfaces.
2024-08-15 14:00:18 [restartedMain] INFO  o.s.b.w.e.tomcat.TomcatWebServer - Tomcat initialized with port(s): 8788 (http)
2024-08-15 14:00:18 [restartedMain] INFO  o.a.catalina.core.StandardService - Starting service [Tomcat]
2024-08-15 14:00:18 [restartedMain] INFO  o.a.catalina.core.StandardEngine - Starting Servlet engine: [Apache Tomcat/9.0.76]
2024-08-15 14:00:18 [restartedMain] INFO  o.a.c.c.C.[Tomcat].[localhost].[/] - Initializing Spring embedded WebApplicationContext
2024-08-15 14:00:18 [restartedMain] INFO  o.s.b.w.s.c.ServletWebServerApplicationContext - Root WebApplicationContext: initialization completed in 345 ms
2024-08-15 14:00:19 [restartedMain] INFO  o.h.jpa.internal.util.LogHelper - HHH000204: Processing PersistenceUnitInfo [name: default]
2024-08-15 14:00:19 [restartedMain] INFO  com.zaxxer.hikari.HikariDataSource - HikariPool-3 - Starting...
2024-08-15 14:00:19 [restartedMain] INFO  com.zaxxer.hikari.HikariDataSource - HikariPool-3 - Start completed.
2024-08-15 14:00:19 [restartedMain] INFO  org.hibernate.dialect.Dialect - HHH000400: Using dialect: org.hibernate.dialect.Oracle10gDialect
2024-08-15 14:00:19 [restartedMain] INFO  o.h.e.t.j.p.i.JtaPlatformInitiator - HHH000490: Using JtaPlatform implementation: [org.hibernate.engine.transaction.jta.platform.internal.NoJtaPlatform]
2024-08-15 14:00:19 [restartedMain] INFO  o.s.o.j.LocalContainerEntityManagerFactoryBean - Initialized JPA EntityManagerFactory for persistence unit 'default'
2024-08-15 14:00:19 [restartedMain] WARN  o.s.b.a.o.j.JpaBaseConfiguration$JpaWebConfiguration - spring.jpa.open-in-view is enabled by default. Therefore, database queries may be performed during view rendering. Explicitly configure spring.jpa.open-in-view to disable this warning
2024-08-15 14:00:19 [restartedMain] INFO  o.s.s.web.DefaultSecurityFilterChain - Will secure any request with [org.springframework.security.web.session.DisableEncodeUrlFilter@3e944555, org.springframework.security.web.context.request.async.WebAsyncManagerIntegrationFilter@41ad6aa1, org.springframework.security.web.context.SecurityContextPersistenceFilter@2b25954e, org.springframework.security.web.header.HeaderWriterFilter@44c1ea0f, org.springframework.web.filter.CorsFilter@4e014a8, org.springframework.security.web.authentication.logout.LogoutFilter@5a2acae, org.springframework.security.web.authentication.www.BasicAuthenticationFilter@6ca0c457, org.springframework.security.web.savedrequest.RequestCacheAwareFilter@5589c87e, org.springframework.security.web.servletapi.SecurityContextHolderAwareRequestFilter@1ed3c152, org.springframework.security.web.authentication.AnonymousAuthenticationFilter@6e88ea1f, org.springframework.security.web.session.SessionManagementFilter@59a8b9b9, org.springframework.security.web.access.ExceptionTranslationFilter@5d047ade, org.springframework.security.web.access.intercept.FilterSecurityInterceptor@167a6e42]
2024-08-15 14:00:19 [restartedMain] INFO  o.s.b.d.a.OptionalLiveReloadServer - LiveReload server is running on port 35729
2024-08-15 14:00:19 [restartedMain] INFO  o.s.b.w.e.tomcat.TomcatWebServer - Tomcat started on port(s): 8788 (http) with context path ''
2024-08-15 14:00:19 [restartedMain] INFO  c.app.service.MpsServiceApplication - Started MpsServiceApplication in 0.777 seconds (JVM running for 13713.466)
2024-08-15 14:00:19 [restartedMain] INFO  o.s.b.d.a.ConditionEvaluationDeltaLoggingListener - Condition evaluation unchanged
2024-08-15 14:00:22 [http-nio-8788-exec-1] INFO  o.a.c.c.C.[Tomcat].[localhost].[/] - Initializing Spring DispatcherServlet 'dispatcherServlet'
2024-08-15 14:00:22 [http-nio-8788-exec-1] INFO  o.s.web.servlet.DispatcherServlet - Initializing Servlet 'dispatcherServlet'
2024-08-15 14:00:22 [http-nio-8788-exec-1] INFO  o.s.web.servlet.DispatcherServlet - Completed initialization in 2 ms
2024-08-15 14:00:23 [http-nio-8788-exec-9] INFO  o.s.api.AbstractOpenApiResource - Init duration for springdoc-openapi is: 46 ms
2024-08-15 14:00:45 [File Watcher] INFO  o.s.b.d.a.LocalDevToolsAutoConfiguration$RestartingClassPathChangeChangedEventListener - Restarting due to 2 class path changes (0 additions, 0 deletions, 2 modifications)
2024-08-15 14:00:45 [Thread-28] INFO  o.a.catalina.core.StandardService - Stopping service [Tomcat]
2024-08-15 14:00:45 [Thread-28] INFO  o.a.c.c.C.[Tomcat].[localhost].[/] - Destroying Spring FrameworkServlet 'dispatcherServlet'
2024-08-15 14:00:45 [Thread-28] WARN  o.a.c.loader.WebappClassLoaderBase - The web application [ROOT] appears to have started a thread named [ForkJoinPool.commonPool-worker-8] but has failed to stop it. This is very likely to create a memory leak. Stack trace of thread:
 sun.misc.Unsafe.park(Native Method)
 java.util.concurrent.ForkJoinPool.awaitWork(Unknown Source)
 java.util.concurrent.ForkJoinPool.runWorker(Unknown Source)
 java.util.concurrent.ForkJoinWorkerThread.run(Unknown Source)
2024-08-15 14:00:45 [Thread-28] WARN  o.a.c.loader.WebappClassLoaderBase - The web application [ROOT] appears to have started a thread named [ForkJoinPool.commonPool-worker-1] but has failed to stop it. This is very likely to create a memory leak. Stack trace of thread:
 sun.misc.Unsafe.park(Native Method)
 java.util.concurrent.ForkJoinPool.awaitWork(Unknown Source)
 java.util.concurrent.ForkJoinPool.runWorker(Unknown Source)
 java.util.concurrent.ForkJoinWorkerThread.run(Unknown Source)
2024-08-15 14:00:45 [Thread-28] WARN  o.a.c.loader.WebappClassLoaderBase - The web application [ROOT] appears to have started a thread named [ForkJoinPool.commonPool-worker-26] but has failed to stop it. This is very likely to create a memory leak. Stack trace of thread:
 sun.misc.Unsafe.park(Native Method)
 java.util.concurrent.ForkJoinPool.awaitWork(Unknown Source)
 java.util.concurrent.ForkJoinPool.runWorker(Unknown Source)
 java.util.concurrent.ForkJoinWorkerThread.run(Unknown Source)
2024-08-15 14:00:45 [Thread-28] INFO  o.s.o.j.LocalContainerEntityManagerFactoryBean - Closing JPA EntityManagerFactory for persistence unit 'default'
2024-08-15 14:00:45 [Thread-28] INFO  com.zaxxer.hikari.HikariDataSource - HikariPool-3 - Shutdown initiated...
2024-08-15 14:00:45 [Thread-28] INFO  com.zaxxer.hikari.HikariDataSource - HikariPool-3 - Shutdown completed.
2024-08-15 14:00:45 [restartedMain] INFO  c.app.service.MpsServiceApplication - Starting MpsServiceApplication using Java 1.8.0_251 on mshahatih with PID 18840 (D:\MyWork\Amana\NEW-SVN\APIs\trunk\MpsApis\target\classes started by mshehata in D:\MyWork\Amana\NEW-SVN\APIs\trunk\MpsApis)
2024-08-15 14:00:45 [restartedMain] INFO  c.app.service.MpsServiceApplication - No active profile set, falling back to 1 default profile: "default"
2024-08-15 14:00:45 [restartedMain] INFO  o.s.d.r.c.RepositoryConfigurationDelegate - Multiple Spring Data modules found, entering strict repository configuration mode
2024-08-15 14:00:45 [restartedMain] INFO  o.s.d.r.c.RepositoryConfigurationDelegate - Bootstrapping Spring Data JDBC repositories in DEFAULT mode.
2024-08-15 14:00:45 [restartedMain] INFO  o.s.d.r.c.RepositoryConfigurationDelegate - Finished Spring Data repository scanning in 3 ms. Found 0 JDBC repository interfaces.
2024-08-15 14:00:45 [restartedMain] INFO  o.s.d.r.c.RepositoryConfigurationDelegate - Multiple Spring Data modules found, entering strict repository configuration mode
2024-08-15 14:00:45 [restartedMain] INFO  o.s.d.r.c.RepositoryConfigurationDelegate - Bootstrapping Spring Data JPA repositories in DEFAULT mode.
2024-08-15 14:00:45 [restartedMain] INFO  o.s.d.r.c.RepositoryConfigurationDelegate - Finished Spring Data repository scanning in 1 ms. Found 0 JPA repository interfaces.
2024-08-15 14:00:45 [restartedMain] INFO  o.s.b.w.e.tomcat.TomcatWebServer - Tomcat initialized with port(s): 8788 (http)
2024-08-15 14:00:45 [restartedMain] INFO  o.a.catalina.core.StandardService - Starting service [Tomcat]
2024-08-15 14:00:45 [restartedMain] INFO  o.a.catalina.core.StandardEngine - Starting Servlet engine: [Apache Tomcat/9.0.76]
2024-08-15 14:00:45 [restartedMain] INFO  o.a.c.c.C.[Tomcat].[localhost].[/] - Initializing Spring embedded WebApplicationContext
2024-08-15 14:00:45 [restartedMain] INFO  o.s.b.w.s.c.ServletWebServerApplicationContext - Root WebApplicationContext: initialization completed in 242 ms
2024-08-15 14:00:45 [restartedMain] INFO  o.h.jpa.internal.util.LogHelper - HHH000204: Processing PersistenceUnitInfo [name: default]
2024-08-15 14:00:45 [restartedMain] INFO  com.zaxxer.hikari.HikariDataSource - HikariPool-4 - Starting...
2024-08-15 14:00:45 [restartedMain] INFO  com.zaxxer.hikari.HikariDataSource - HikariPool-4 - Start completed.
2024-08-15 14:00:45 [restartedMain] INFO  org.hibernate.dialect.Dialect - HHH000400: Using dialect: org.hibernate.dialect.Oracle10gDialect
2024-08-15 14:00:45 [restartedMain] INFO  o.h.e.t.j.p.i.JtaPlatformInitiator - HHH000490: Using JtaPlatform implementation: [org.hibernate.engine.transaction.jta.platform.internal.NoJtaPlatform]
2024-08-15 14:00:45 [restartedMain] INFO  o.s.o.j.LocalContainerEntityManagerFactoryBean - Initialized JPA EntityManagerFactory for persistence unit 'default'
2024-08-15 14:00:45 [restartedMain] WARN  o.s.b.a.o.j.JpaBaseConfiguration$JpaWebConfiguration - spring.jpa.open-in-view is enabled by default. Therefore, database queries may be performed during view rendering. Explicitly configure spring.jpa.open-in-view to disable this warning
2024-08-15 14:00:46 [restartedMain] INFO  o.s.s.web.DefaultSecurityFilterChain - Will secure any request with [org.springframework.security.web.session.DisableEncodeUrlFilter@758bc0ff, org.springframework.security.web.context.request.async.WebAsyncManagerIntegrationFilter@658e533c, org.springframework.security.web.context.SecurityContextPersistenceFilter@4073faab, org.springframework.security.web.header.HeaderWriterFilter@35e41537, org.springframework.web.filter.CorsFilter@ea826e2, org.springframework.security.web.authentication.logout.LogoutFilter@7a061f20, org.springframework.security.web.authentication.www.BasicAuthenticationFilter@eed0c5b, org.springframework.security.web.savedrequest.RequestCacheAwareFilter@3b1f19d9, org.springframework.security.web.servletapi.SecurityContextHolderAwareRequestFilter@2ec7fe20, org.springframework.security.web.authentication.AnonymousAuthenticationFilter@68416cb8, org.springframework.security.web.session.SessionManagementFilter@7b4e0fb9, org.springframework.security.web.access.ExceptionTranslationFilter@64f3fc80, org.springframework.security.web.access.intercept.FilterSecurityInterceptor@10af7c4b]
2024-08-15 14:00:46 [restartedMain] INFO  o.s.b.d.a.OptionalLiveReloadServer - LiveReload server is running on port 35729
2024-08-15 14:00:46 [restartedMain] INFO  o.s.b.w.e.tomcat.TomcatWebServer - Tomcat started on port(s): 8788 (http) with context path ''
2024-08-15 14:00:46 [restartedMain] INFO  c.app.service.MpsServiceApplication - Started MpsServiceApplication in 0.624 seconds (JVM running for 13740.157)
2024-08-15 14:00:46 [restartedMain] INFO  o.s.b.d.a.ConditionEvaluationDeltaLoggingListener - Condition evaluation unchanged
2024-08-15 16:45:44 [RMI TCP Connection(23)-127.0.0.1] INFO  o.s.b.a.SpringApplicationAdminMXBeanRegistrar$SpringApplicationAdmin - Application shutdown requested.
2024-08-15 16:45:44 [RMI TCP Connection(23)-127.0.0.1] INFO  o.a.catalina.core.StandardService - Stopping service [Tomcat]
2024-08-15 16:45:44 [RMI TCP Connection(23)-127.0.0.1] INFO  o.s.o.j.LocalContainerEntityManagerFactoryBean - Closing JPA EntityManagerFactory for persistence unit 'default'
2024-08-15 16:45:44 [RMI TCP Connection(23)-127.0.0.1] INFO  com.zaxxer.hikari.HikariDataSource - HikariPool-4 - Shutdown initiated...
2024-08-15 16:45:44 [RMI TCP Connection(23)-127.0.0.1] INFO  com.zaxxer.hikari.HikariDataSource - HikariPool-4 - Shutdown completed.
